# JRE version: OpenJDK Runtime Environment (16.0.1+9) (build 16.0.1+9-24)
# Java VM: OpenJDK 64-Bit Server VM (16.0.1+9-24, mixed mode, sharing, tiered, compressed oops, compressed class ptrs, g1 gc, bsd-amd64)
GC Precious Log:
 CPUs: 8 total, 8 available
 Memory: 8192M
 Large Page Support: Disabled
 NUMA Support: Disabled
 Compressed Oops: Enabled (Zero based)
 Heap Region Size: 1M
 Heap Min Capacity: 8M
 Heap Initial Capacity: 128M
 Heap Max Capacity: 2G
 Pre-touch: Disabled
 Parallel Workers: 8
 Concurrent Workers: 2
 Concurrent Refinement Workers: 8
 Periodic GC: Disabled
Heap:
 garbage-first heap   total 109568K, used 64761K [0x0000000780000000, 0x0000000800000000)
  region size 1024K, 23 young (23552K), 3 survivors (3072K)
 Metaspace       used 54011K, committed 54464K, reserved 1097728K
  class space    used 7408K, committed 7616K, reserved 1048576K
GC Heap History (20 events):
Event: 9.208 GC heap before
{Heap before GC invocations=16 (full 0):
 garbage-first heap   total 86016K, used 67383K [0x0000000780000000, 0x0000000800000000)
  region size 1024K, 39 young (39936K), 3 survivors (3072K)
 Metaspace       used 44605K, committed 44992K, reserved 1089536K
  class space    used 6079K, committed 6272K, reserved 1048576K
}
Event: 9.211 GC heap after
{Heap after GC invocations=17 (full 0):
 garbage-first heap   total 86016K, used 32015K [0x0000000780000000, 0x0000000800000000)
  region size 1024K, 5 young (5120K), 5 survivors (5120K)
 Metaspace       used 44605K, committed 44992K, reserved 1089536K
  class space    used 6079K, committed 6272K, reserved 1048576K
}
Event: 9.591 GC heap before
{Heap before GC invocations=17 (full 0):
 garbage-first heap   total 86016K, used 67855K [0x0000000780000000, 0x0000000800000000)
  region size 1024K, 40 young (40960K), 5 survivors (5120K)
 Metaspace       used 48770K, committed 49152K, reserved 1097728K
  class space    used 6737K, committed 6912K, reserved 1048576K
}
Event: 9.594 GC heap after
{Heap after GC invocations=18 (full 0):
 garbage-first heap   total 86016K, used 34122K [0x0000000780000000, 0x0000000800000000)
  region size 1024K, 4 young (4096K), 4 survivors (4096K)
 Metaspace       used 48770K, committed 49152K, reserved 1097728K
  class space    used 6737K, committed 6912K, reserved 1048576K
}
Event: 9.808 GC heap before
{Heap before GC invocations=18 (full 0):
 garbage-first heap   total 86016K, used 73034K [0x0000000780000000, 0x0000000800000000)
  region size 1024K, 38 young (38912K), 4 survivors (4096K)
 Metaspace       used 51638K, committed 52160K, reserved 1097728K
  class space    used 7042K, committed 7296K, reserved 1048576K
}
Event: 9.813 GC heap after
{Heap after GC invocations=19 (full 0):
 garbage-first heap   total 86016K, used 42787K [0x0000000780000000, 0x0000000800000000)
  region size 1024K, 5 young (5120K), 5 survivors (5120K)
 Metaspace       used 51638K, committed 52160K, reserved 1097728K
  class space    used 7042K, committed 7296K, reserved 1048576K
}
Event: 9.830 GC heap before
{Heap before GC invocations=19 (full 0):
 garbage-first heap   total 86016K, used 43811K [0x0000000780000000, 0x0000000800000000)
  region size 1024K, 7 young (7168K), 5 survivors (5120K)
 Metaspace       used 51640K, committed 52160K, reserved 1097728K
  class space    used 7042K, committed 7296K, reserved 1048576K
}
Event: 9.833 GC heap after
{Heap after GC invocations=20 (full 0):
 garbage-first heap   total 86016K, used 44232K [0x0000000780000000, 0x0000000800000000)
  region size 1024K, 2 young (2048K), 2 survivors (2048K)
 Metaspace       used 51640K, committed 52160K, reserved 1097728K
  class space    used 7042K, committed 7296K, reserved 1048576K
}
Event: 9.905 GC heap before
{Heap before GC invocations=21 (full 0):
 garbage-first heap   total 87040K, used 60616K [0x0000000780000000, 0x0000000800000000)
  region size 1024K, 17 young (17408K), 2 survivors (2048K)
 Metaspace       used 51645K, committed 52160K, reserved 1097728K
  class space    used 7043K, committed 7296K, reserved 1048576K
}
Event: 9.906 GC heap after
{Heap after GC invocations=22 (full 0):
 garbage-first heap   total 87040K, used 44290K [0x0000000780000000, 0x0000000800000000)
  region size 1024K, 1 young (1024K), 1 survivors (1024K)
 Metaspace       used 51645K, committed 52160K, reserved 1097728K
  class space    used 7043K, committed 7296K, reserved 1048576K
}
Event: 9.907 GC heap before
{Heap before GC invocations=22 (full 0):
 garbage-first heap   total 87040K, used 60674K [0x0000000780000000, 0x0000000800000000)
  region size 1024K, 18 young (18432K), 1 survivors (1024K)
 Metaspace       used 51645K, committed 52160K, reserved 1097728K
  class space    used 7043K, committed 7296K, reserved 1048576K
}
Event: 9.908 GC heap after
{Heap after GC invocations=23 (full 0):
 garbage-first heap   total 87040K, used 44156K [0x0000000780000000, 0x0000000800000000)
  region size 1024K, 1 young (1024K), 1 survivors (1024K)
 Metaspace       used 51645K, committed 52160K, reserved 1097728K
  class space    used 7043K, committed 7296K, reserved 1048576K
}
Event: 10.030 GC heap before
{Heap before GC invocations=24 (full 0):
 garbage-first heap   total 91136K, used 63612K [0x0000000780000000, 0x0000000800000000)
  region size 1024K, 20 young (20480K), 1 survivors (1024K)
 Metaspace       used 51967K, committed 52416K, reserved 1097728K
  class space    used 7079K, committed 7296K, reserved 1048576K
}
Event: 10.032 GC heap after
{Heap after GC invocations=25 (full 0):
 garbage-first heap   total 91136K, used 41459K [0x0000000780000000, 0x0000000800000000)
  region size 1024K, 1 young (1024K), 1 survivors (1024K)
 Metaspace       used 51967K, committed 52416K, reserved 1097728K
  class space    used 7079K, committed 7296K, reserved 1048576K
}
Event: 10.036 GC heap before
{Heap before GC invocations=25 (full 0):
 garbage-first heap   total 91136K, used 45555K [0x0000000780000000, 0x0000000800000000)
  region size 1024K, 6 young (6144K), 1 survivors (1024K)
 Metaspace       used 51967K, committed 52416K, reserved 1097728K
  class space    used 7079K, committed 7296K, reserved 1048576K
}
Event: 10.042 GC heap after
{Heap after GC invocations=26 (full 0):
 garbage-first heap   total 109568K, used 39530K [0x0000000780000000, 0x0000000800000000)
  region size 1024K, 1 young (1024K), 1 survivors (1024K)
 Metaspace       used 51967K, committed 52416K, reserved 1097728K
  class space    used 7079K, committed 7296K, reserved 1048576K
}
Event: 10.083 GC heap before
{Heap before GC invocations=26 (full 0):
 garbage-first heap   total 109568K, used 78442K [0x0000000780000000, 0x0000000800000000)
  region size 1024K, 40 young (40960K), 1 survivors (1024K)
 Metaspace       used 52008K, committed 52480K, reserved 1097728K
  class space    used 7082K, committed 7296K, reserved 1048576K
}
Event: 10.085 GC heap after
{Heap after GC invocations=27 (full 0):
 garbage-first heap   total 109568K, used 39970K [0x0000000780000000, 0x0000000800000000)
  region size 1024K, 2 young (2048K), 2 survivors (2048K)
 Metaspace       used 52008K, committed 52480K, reserved 1097728K
  class space    used 7082K, committed 7296K, reserved 1048576K
}
Event: 10.599 GC heap before
{Heap before GC invocations=27 (full 0):
 garbage-first heap   total 109568K, used 80930K [0x0000000780000000, 0x0000000800000000)
  region size 1024K, 42 young (43008K), 2 survivors (2048K)
 Metaspace       used 53370K, committed 53888K, reserved 1097728K
  class space    used 7308K, committed 7552K, reserved 1048576K
}
Event: 10.604 GC heap after
{Heap after GC invocations=28 (full 0):
 garbage-first heap   total 109568K, used 41209K [0x0000000780000000, 0x0000000800000000)
  region size 1024K, 3 young (3072K), 3 survivors (3072K)
 Metaspace       used 53370K, committed 53888K, reserved 1097728K
  class space    used 7308K, committed 7552K, reserved 1048576K
}

